2018-03-07 13:24:05 ERROR root:14 - Bank database not found, initiating new bank with and admin and employee.
2018-03-07 13:31:03 INFO  root:22 - Customer jack has registered a new account.
2018-03-07 17:20:04 INFO  root:22 - Customer customer has registered a new account.
2018-03-07 17:20:11 INFO  root:22 - Customer jack has logged in.
2018-03-07 17:21:53 INFO  root:22 - Admin admin has logged in.
2018-03-07 17:22:03 INFO  root:22 - Account 1 created with account balance of $0.01.
2018-03-07 17:22:12 INFO  root:22 - Account 1001 created with account balance of $0.01.
2018-03-08 19:50:24 INFO  root:22 - Customer \w\\w\w\w\w\d\dw\dwd has registered a new account.
2018-03-08 19:50:30 INFO  root:22 - Customer customer has logged in.
2018-03-08 21:53:14 INFO  root:22 - Admin admin has logged in.
2018-03-08 22:02:46 INFO  root:22 - Customer assafas has registered a new account.
2018-03-08 22:02:51 INFO  root:22 - Customer bob has registered a new account.
2018-03-08 22:02:56 INFO  root:22 - Customer sam has registered a new account.
2018-03-08 22:03:02 INFO  root:22 - Customer lol has registered a new account.
2018-03-08 22:03:16 INFO  root:22 - Customer bobby has registered a new account.
2018-03-08 22:16:56 INFO  root:22 - Customer jack has logged in.
2018-03-08 22:17:23 INFO  root:22 - Admin admin has logged in.
2018-03-08 22:18:32 ERROR root:14 - Bank database not found, initiating new bank with and admin and employee.
2018-03-08 22:19:14 INFO  root:22 - Customer jack has registered a new account.
2018-03-08 22:19:19 INFO  root:22 - Customer jack has logged in.
2018-03-08 22:19:59 INFO  root:22 - Customer customer has registered a new account.
2018-03-08 22:20:06 INFO  root:22 - Customer lol has registered a new account.
2018-03-08 22:20:12 INFO  root:22 - Customer haha has registered a new account.
2018-03-08 22:20:25 INFO  root:22 - Customer pop has registered a new account.
2018-03-08 22:20:34 INFO  root:22 - Admin admin has logged in.
2018-03-08 22:20:40 INFO  root:22 - Account 1000 created with account balance of $0.01.
2018-03-08 22:20:59 INFO  root:22 - Customer jack has logged in.
2018-03-08 22:21:49 INFO  root:22 - Admin admin has logged in.
2018-03-08 22:22:04 INFO  root:22 - Account 1001 created with account balance of $0.01.
2018-03-08 22:22:40 INFO  root:22 - $1000 deposited to account 1000 by admin
2018-03-08 22:22:58 INFO  root:22 - $1001 transfered from account 1000 to account 1001 by admin
2018-03-08 22:31:19 INFO  root:22 - Customer jack has logged in.
2018-03-08 22:31:52 INFO  root:22 - Admin admin has logged in.
2018-03-09 08:55:12 INFO  root:22 - Customer 000 has registered a new account.
2018-03-09 08:55:22 INFO  root:22 - Customer 000 has logged in.
2018-03-09 08:56:45 INFO  root:22 - Admin admin has logged in.
2018-03-09 08:57:15 INFO  root:22 - Employee employee has logged in.
2018-03-09 08:57:26 INFO  root:22 - Account 1002 created with account balance of $0.01.
2018-03-09 08:57:34 INFO  root:22 - Account 1003 created with account balance of $0.01.
2018-03-09 08:57:56 INFO  root:22 - Customer 000 has logged in.
2018-03-09 08:58:27 INFO  root:22 - $.01 withdrawn from account 1002 by 000
2018-03-09 08:59:11 INFO  root:22 - $10000 deposited to account 1002 by 000
2018-03-09 08:59:31 INFO  root:22 - $1000 transfered from account 1002 to account 1003 by 000
2018-03-09 08:59:42 INFO  root:22 - Admin admin has logged in.
2018-03-09 09:00:08 INFO  root:22 - Account 1002 deleted.
2018-03-09 09:08:03 INFO  root:22 - Employee employee has logged in.
2018-03-09 09:09:13 INFO  root:22 - Customer 000 has logged in.
2018-03-09 09:10:37 INFO  root:22 - Admin admin has logged in.
2018-03-09 10:15:03 INFO  root:22 - Customer sam has registered a new account.
2018-03-09 10:15:13 INFO  root:22 - Customer sam has logged in.
2018-03-09 10:15:58 INFO  root:22 - Admin admin has logged in.
2018-03-09 10:16:22 INFO  root:22 - Account 1004 created with account balance of $0.01.
2018-03-09 10:16:34 INFO  root:22 - Account 1005 created with account balance of $0.01.
2018-03-09 10:16:41 INFO  root:22 - Customer sam has logged in.
2018-03-09 10:17:14 INFO  root:22 - $1000 deposited to account 1005 by sam
2018-03-09 10:17:21 INFO  root:22 - Admin admin has logged in.
2018-03-09 10:17:35 INFO  root:22 - Account 1005 deleted.
2018-03-09 10:18:29 INFO  root:22 - Employee employee has logged in.
2018-03-11 20:00:54 INFO  root:22 - Account 1 deleted
2018-03-12 15:35:21 INFO  root:22 - Customer got has registered a new account.
2018-03-12 15:41:06 INFO  root:22 - Customer gott has registered a new account.
2018-03-12 15:43:32 INFO  root:22 - Customer gott has registered a new account.
2018-03-12 15:49:08 INFO  root:22 - Admin admin has logged in.
2018-03-12 15:51:00 INFO  root:22 - Customer jack has registered a new account.
2018-03-12 15:57:58 INFO  root:22 - Customer jack has logged in.
2018-03-12 16:49:41 INFO  root:22 - Customer customer has registered a new account.
2018-03-12 16:52:15 INFO  root:22 - Customer jack has logged in.
2018-03-12 16:52:24 INFO  root:22 - Customer customer has logged in.
2018-03-12 16:52:34 INFO  root:22 - Admin admin has logged in.
2018-03-12 16:52:46 INFO  root:22 - Employee employee has logged in.
2018-03-12 18:14:12 INFO  root:22 - Customer jack has logged in.
2018-03-12 18:15:38 INFO  root:22 - Customer jack has logged in.
2018-03-12 18:16:45 INFO  root:22 - Customer jack has logged in.
2018-03-12 18:18:13 INFO  root:22 - Admin admin has logged in.
2018-03-12 18:23:01 INFO  root:22 - Admin admin has logged in.
2018-03-12 18:28:31 INFO  root:22 - Admin admin has logged in.
2018-03-12 18:30:40 INFO  root:22 - Admin admin has logged in.
2018-03-12 18:32:15 INFO  root:22 - Admin admin has logged in.
2018-03-12 18:33:27 INFO  root:22 - Admin admin has logged in.
2018-03-12 18:34:08 INFO  root:22 - Admin admin has logged in.
2018-03-12 18:39:56 INFO  root:22 - Admin admin has logged in.
2018-03-12 18:41:05 INFO  root:22 - Admin admin has logged in.
2018-03-12 18:41:51 INFO  root:22 - Customer jack has logged in.
2018-03-12 18:42:16 INFO  root:22 - Admin admin has logged in.
2018-03-12 18:50:40 INFO  root:22 - Admin admin has logged in.
2018-03-12 18:55:27 INFO  root:22 - Admin admin has logged in.
2018-03-12 23:49:59 INFO  root:22 - Admin admin has logged in.
2018-03-12 23:50:24 INFO  root:22 - $.01 withdrawn from account 14 by admin
2018-03-12 23:56:48 INFO  root:22 - Account 14 balance updated to $0.0
2018-03-12 23:56:48 INFO  root:22 - $.01 withdrawn from account 14 by admin
2018-03-13 00:05:29 INFO  root:22 - Admin admin has logged in.
2018-03-13 00:06:03 INFO  root:22 - Account 14 balance updated to $1000.0
2018-03-13 00:06:03 INFO  root:22 - $1000 deposited to account 14 by admin
2018-03-13 00:06:44 INFO  root:22 - Account 14 balance updated to $499.99
2018-03-13 00:06:45 INFO  root:22 - Account 15 balance updated to $500.02
2018-03-13 00:06:45 INFO  root:22 - $500.01 transfered from account 14 to account 15 by admin
2018-03-13 00:38:34 INFO  root:22 - Admin admin has logged in.
2018-03-13 00:38:50 INFO  root:22 - Account 14 balance updated to $599.99
2018-03-13 00:38:50 INFO  root:22 - $100 deposited to account 14 by admin
2018-03-13 00:39:01 INFO  root:22 - Account 14 balance updated to $598.99
2018-03-13 00:39:01 INFO  root:22 - Account 15 balance updated to $501.02
2018-03-13 00:39:01 INFO  root:22 - $1 transfered from account 14 to account 15 by admin
2018-03-13 00:46:43 INFO  root:22 - Admin admin has logged in.
2018-03-13 00:46:59 INFO  root:22 - Account 15 balance updated to $513.02
2018-03-13 00:46:59 INFO  root:22 - $12 deposited to account 15 by admin
2018-03-13 00:47:18 INFO  root:22 - Account 15 balance updated to $413.02
2018-03-13 00:47:19 INFO  root:22 - Account 14 balance updated to $698.99
2018-03-13 00:47:19 INFO  root:22 - $100 transfered from account 15 to account 14 by admin
2018-03-13 00:50:38 INFO  root:22 - Admin admin has logged in.
2018-03-13 00:50:48 INFO  root:22 - $12 withdrawn from account 14 by admin
2018-03-13 00:52:27 INFO  root:22 - Admin admin has logged in.
2018-03-13 00:52:34 INFO  root:22 - Account 14 balance updated to $684.99
2018-03-13 00:52:34 INFO  root:22 - $14 withdrawn from account 14 by admin
2018-03-13 00:52:42 INFO  root:22 - Account 15 balance updated to $403.02
2018-03-13 00:52:43 INFO  root:22 - Account 14 balance updated to $694.99
2018-03-13 00:52:43 INFO  root:22 - $10 transfered from account 15 to account 14 by admin
2018-03-13 01:22:35 INFO  root:22 - Customer pop has registered a new account.
2018-03-13 01:22:40 INFO  root:22 - Customer pop has logged in.
2018-03-13 01:23:20 INFO  root:22 - Admin admin has logged in.
2018-03-13 01:24:45 INFO  root:22 - Account 17 balance updated to $10000.01
2018-03-13 01:24:45 INFO  root:22 - $10000 deposited to account 17 by admin
2018-03-13 01:28:58 INFO  root:22 - Admin admin has logged in.
2018-03-13 01:29:15 INFO  root:22 - Account 17 deleted.
2018-03-13 01:30:35 INFO  root:22 - Admin admin has logged in.
2018-03-13 01:30:54 INFO  root:22 - Account 17 deleted
2018-03-13 01:30:54 INFO  root:22 - Account 17 deleted.
2018-03-13 01:46:34 INFO  root:22 - Customer jack has logged in.
2018-03-13 09:05:08 INFO  root:22 - Customer mom has registered a new account.
2018-03-13 09:05:15 INFO  root:22 - Customer dad has registered a new account.
2018-03-13 09:05:23 INFO  root:22 - Customer mom has logged in.
2018-03-13 09:05:44 INFO  root:22 - Customer dad has logged in.
2018-03-13 09:06:29 INFO  root:22 - Admin admin has logged in.
2018-03-13 09:07:37 INFO  root:22 - Account 18 balance updated to $1000.01
2018-03-13 09:07:37 INFO  root:22 - $1000 deposited to account 18 by admin
2018-03-13 09:08:11 INFO  root:22 - Account 18 balance updated to $980.01
2018-03-13 09:08:12 INFO  root:22 - Account 19 balance updated to $20.01
2018-03-13 09:08:12 INFO  root:22 - $20 transfered from account 18 to account 19 by admin
2018-03-13 09:08:21 INFO  root:22 - Account 19 balance updated to $19.01
2018-03-13 09:08:21 INFO  root:22 - $1 withdrawn from account 19 by admin
2018-03-13 09:16:00 INFO  root:22 - Admin admin has logged in.
2018-03-13 09:20:51 INFO  root:22 - Customer jack has logged in.
2018-03-13 10:25:45 INFO  root:22 - Customer lol has registered a new account.
2018-03-13 10:25:55 INFO  root:22 - Customer lol has logged in.
2018-03-13 10:26:45 INFO  root:22 - Admin admin has logged in.
2018-03-13 10:27:56 INFO  root:22 - Account 23 balance updated to $1000.01
2018-03-13 10:27:56 INFO  root:22 - $1000 deposited to account 23 by admin
2018-03-13 10:28:32 INFO  root:22 - Account 23 balance updated to $900.01
2018-03-13 10:28:33 INFO  root:22 - Account 22 balance updated to $100.01
2018-03-13 10:28:33 INFO  root:22 - $100 transfered from account 23 to account 22 by admin
2018-03-13 12:03:39 INFO  root:22 - Customer nick has registered a new account.
2018-03-13 12:03:46 INFO  root:22 - Customer nick has logged in.
2018-03-13 12:04:29 INFO  root:22 - Admin admin has logged in.
2018-03-13 12:05:39 INFO  root:22 - Account 25 balance updated to $100.01
2018-03-13 12:05:39 INFO  root:22 - $100 deposited to account 25 by admin
2018-03-13 12:06:00 INFO  root:22 - Account 25 balance updated to $50.010000000000005
2018-03-13 12:06:01 INFO  root:22 - Account 24 balance updated to $50.01
2018-03-13 12:06:01 INFO  root:22 - $50 transfered from account 25 to account 24 by admin
